[I 2025-02-27 00:50:57,145] Trial 17 finished with value: 0.09467558236792684 and parameters: {'num_conv_layers': 3, 'filters_0': 80, 'kernel_size_0': 5, 'pool_size_0': 2, 'conv_dropout_0': 0.2876788738597037, 'filters_1': 96, 'kernel_size_1': 7, 'conv_dropout_1': 0.3322994740912489, 'filters_2': 128, 'kernel_size_2': 3, 'conv_dropout_2': 0.41384113899373254, 'num_fc_layers': 3, 'fc_size_0': 320, 'fc_dropout_0': 0.4606618601276721, 'fc_size_1': 320, 'fc_dropout_1': 0.18530476227123466, 'fc_size_2': 512, 'fc_dropout_2': 0.49910156508886494, 'batch_size': 16, 'learning_rate': 0.00010551173915420704, 'weight_decay': 4.780753952849567e-06, 'patience': 17, 'use_batch_norm': True}. Best is trial 1 with value: 0.034703233279287815.
2025-02-27 00:50:57,493 - INFO - Data shapes: X_train=torch.Size([402, 23, 60]), y_train=torch.Size([402, 1])
2025-02-27 00:50:57,495 - INFO - FC input size after convolutions: 480
2025-02-27 00:50:57,597 - INFO - Epoch 1/100, Train Loss: 0.3607, Val Loss: 0.2154, LR: 0.002466
2025-02-27 00:50:58,293 - INFO - Epoch 11/100, Train Loss: 0.1267, Val Loss: 0.0813, LR: 0.002466
2025-02-27 00:50:59,010 - INFO - Epoch 21/100, Train Loss: 0.0694, Val Loss: 0.1114, LR: 0.001233
2025-02-27 00:50:59,748 - INFO - Epoch 31/100, Train Loss: 0.0805, Val Loss: 0.0762, LR: 0.000308
2025-02-27 00:51:00,496 - INFO - Epoch 41/100, Train Loss: 0.1264, Val Loss: 0.0545, LR: 0.000308
2025-02-27 00:51:01,452 - INFO - Epoch 51/100, Train Loss: 0.1370, Val Loss: 0.0444, LR: 0.000077
2025-02-27 00:51:01,861 - INFO - Early stopping triggered at epoch 56
[I 2025-02-27 00:51:01,886] Trial 18 finished with value: 0.04137366986833513 and parameters: {'num_conv_layers': 1, 'filters_0': 16, 'kernel_size_0': 3, 'pool_size_0': 2, 'conv_dropout_0': 0.27408152034936395, 'num_fc_layers': 3, 'fc_size_0': 256, 'fc_dropout_0': 0.2923981552375669, 'fc_size_1': 128, 'fc_dropout_1': 0.21674423392308706, 'fc_size_2': 320, 'fc_dropout_2': 0.36104362546743196, 'batch_size': 16, 'learning_rate': 0.002465529656464772, 'weight_decay': 3.5056522215050205e-06, 'patience': 20, 'use_batch_norm': True}. Best is trial 1 with value: 0.034703233279287815.
2025-02-27 00:51:02,277 - INFO - Data shapes: X_train=torch.Size([402, 23, 60]), y_train=torch.Size([402, 1])
2025-02-27 00:51:02,280 - INFO - FC input size after convolutions: 720
2025-02-27 00:51:02,388 - INFO - Epoch 1/100, Train Loss: 0.4095, Val Loss: 0.4870, LR: 0.000475
2025-02-27 00:51:03,335 - INFO - Epoch 11/100, Train Loss: 0.1029, Val Loss: 0.1156, LR: 0.000238
2025-02-27 00:51:04,471 - INFO - Epoch 21/100, Train Loss: 0.1931, Val Loss: 0.1571, LR: 0.000119
2025-02-27 00:51:04,584 - INFO - Early stopping triggered at epoch 22
[I 2025-02-27 00:51:04,610] Trial 19 finished with value: 0.08169080317020416 and parameters: {'num_conv_layers': 2, 'filters_0': 48, 'kernel_size_0': 5, 'pool_size_0': 2, 'conv_dropout_0': 0.33112600935853415, 'filters_1': 48, 'kernel_size_1': 5, 'conv_dropout_1': 0.4321022256497604, 'num_fc_layers': 3, 'fc_size_0': 320, 'fc_dropout_0': 0.2099598748293982, 'fc_size_1': 448, 'fc_dropout_1': 0.12802933227084617, 'fc_size_2': 320, 'fc_dropout_2': 0.3720162400615042, 'batch_size': 16, 'learning_rate': 0.0004752475604420802, 'weight_decay': 1.0563184237790683e-06, 'patience': 18, 'use_batch_norm': True}. Best is trial 1 with value: 0.034703233279287815.
2025-02-27 00:51:05,018 - INFO - Data shapes: X_train=torch.Size([402, 23, 60]), y_train=torch.Size([402, 1])
2025-02-27 00:51:05,023 - INFO - FC input size after convolutions: 320
2025-02-27 00:51:05,125 - INFO - Epoch 1/100, Train Loss: 0.5152, Val Loss: 0.4284, LR: 0.007821
2025-02-27 00:51:06,098 - INFO - Epoch 11/100, Train Loss: 0.2620, Val Loss: 0.1023, LR: 0.003911
2025-02-27 00:51:07,072 - INFO - Epoch 21/100, Train Loss: 0.1899, Val Loss: 0.0893, LR: 0.003911
2025-02-27 00:51:08,007 - INFO - Epoch 31/100, Train Loss: 0.1033, Val Loss: 0.0888, LR: 0.000978
2025-02-27 00:51:08,357 - INFO - Early stopping triggered at epoch 35
[I 2025-02-27 00:51:08,383] Trial 20 finished with value: 0.05931731755845249 and parameters: {'num_conv_layers': 2, 'filters_0': 32, 'kernel_size_0': 7, 'pool_size_0': 3, 'conv_dropout_0': 0.32788834437735276, 'filters_1': 32, 'kernel_size_1': 5, 'conv_dropout_1': 0.13687527872352778, 'num_fc_layers': 3, 'fc_size_0': 448, 'fc_dropout_0': 0.3266405176035595, 'fc_size_1': 320, 'fc_dropout_1': 0.1766881803261362, 'fc_size_2': 384, 'fc_dropout_2': 0.11130013213152978, 'batch_size': 16, 'learning_rate': 0.007821322380765348, 'weight_decay': 2.4115039147269836e-05, 'patience': 18, 'use_batch_norm': True}. Best is trial 1 with value: 0.034703233279287815.
2025-02-27 00:51:08,717 - INFO - Data shapes: X_train=torch.Size([402, 23, 60]), y_train=torch.Size([402, 1])
2025-02-27 00:51:08,719 - INFO - FC input size after convolutions: 480
2025-02-27 00:51:08,815 - INFO - Epoch 1/100, Train Loss: 0.2977, Val Loss: 0.1758, LR: 0.002397
2025-02-27 00:51:09,569 - INFO - Epoch 11/100, Train Loss: 0.1293, Val Loss: 0.0617, LR: 0.001199
2025-02-27 00:51:10,300 - INFO - Epoch 21/100, Train Loss: 0.0449, Val Loss: 0.0270, LR: 0.001199
2025-02-27 00:51:11,069 - INFO - Epoch 31/100, Train Loss: 0.0504, Val Loss: 0.0474, LR: 0.000599
2025-02-27 00:51:11,857 - INFO - Epoch 41/100, Train Loss: 0.1522, Val Loss: 0.0392, LR: 0.000150
2025-02-27 00:51:11,944 - INFO - Early stopping triggered at epoch 42
[I 2025-02-27 00:51:11,970] Trial 21 finished with value: 0.023324469628278166 and parameters: {'num_conv_layers': 1, 'filters_0': 16, 'kernel_size_0': 3, 'pool_size_0': 2, 'conv_dropout_0': 0.2604515832107666, 'num_fc_layers': 3, 'fc_size_0': 256, 'fc_dropout_0': 0.2901024798911443, 'fc_size_1': 128, 'fc_dropout_1': 0.22127656752045227, 'fc_size_2': 384, 'fc_dropout_2': 0.3770866449574256, 'batch_size': 16, 'learning_rate': 0.002397461573492572, 'weight_decay': 3.990367607358323e-06, 'patience': 20, 'use_batch_norm': True}. Best is trial 21 with value: 0.023324469628278166.
2025-02-27 00:51:12,316 - INFO - Data shapes: X_train=torch.Size([402, 23, 60]), y_train=torch.Size([402, 1])
2025-02-27 00:51:12,318 - INFO - FC input size after convolutions: 480
2025-02-27 00:51:12,405 - INFO - Epoch 1/100, Train Loss: 0.3103, Val Loss: 0.2315, LR: 0.002501
2025-02-27 00:51:13,143 - INFO - Epoch 11/100, Train Loss: 0.2440, Val Loss: 0.1159, LR: 0.002501
2025-02-27 00:51:13,900 - INFO - Epoch 21/100, Train Loss: 0.0512, Val Loss: 0.0864, LR: 0.001251
2025-02-27 00:51:14,686 - INFO - Epoch 31/100, Train Loss: 0.0783, Val Loss: 0.1159, LR: 0.000625
2025-02-27 00:51:14,846 - INFO - Early stopping triggered at epoch 33
[I 2025-02-27 00:51:14,872] Trial 22 finished with value: 0.061242760391905904 and parameters: {'num_conv_layers': 1, 'filters_0': 16, 'kernel_size_0': 3, 'pool_size_0': 2, 'conv_dropout_0': 0.24986199693750638, 'num_fc_layers': 3, 'fc_size_0': 192, 'fc_dropout_0': 0.3797420655675364, 'fc_size_1': 128, 'fc_dropout_1': 0.2228719165457071, 'fc_size_2': 448, 'fc_dropout_2': 0.39658406206198404, 'batch_size': 16, 'learning_rate': 0.0025013228103089083, 'weight_decay': 7.412727056803374e-06, 'patience': 19, 'use_batch_norm': True}. Best is trial 21 with value: 0.023324469628278166.
2025-02-27 00:51:15,457 - INFO - Data shapes: X_train=torch.Size([402, 23, 60]), y_train=torch.Size([402, 1])
2025-02-27 00:51:15,460 - INFO - FC input size after convolutions: 960
2025-02-27 00:51:15,549 - INFO - Epoch 1/100, Train Loss: 0.3205, Val Loss: 0.2126, LR: 0.001965
2025-02-27 00:51:16,311 - INFO - Epoch 11/100, Train Loss: 0.2325, Val Loss: 0.1450, LR: 0.001965
2025-02-27 00:51:17,078 - INFO - Epoch 21/100, Train Loss: 0.1784, Val Loss: 0.1208, LR: 0.000491
2025-02-27 00:51:17,311 - INFO - Early stopping triggered at epoch 24
[I 2025-02-27 00:51:17,338] Trial 23 finished with value: 0.06379768229089677 and parameters: {'num_conv_layers': 1, 'filters_0': 32, 'kernel_size_0': 3, 'pool_size_0': 2, 'conv_dropout_0': 0.31274611701354454, 'num_fc_layers': 3, 'fc_size_0': 192, 'fc_dropout_0': 0.27671815408645556, 'fc_size_1': 192, 'fc_dropout_1': 0.17791356390585392, 'fc_size_2': 448, 'fc_dropout_2': 0.4315257420781674, 'batch_size': 16, 'learning_rate': 0.0019654572010381908, 'weight_decay': 2.635631710102767e-06, 'patience': 16, 'use_batch_norm': True}. Best is trial 21 with value: 0.023324469628278166.
2025-02-27 00:51:17,686 - INFO - Data shapes: X_train=torch.Size([402, 23, 60]), y_train=torch.Size([402, 1])
2025-02-27 00:51:17,688 - INFO - FC input size after convolutions: 1920
2025-02-27 00:51:17,776 - INFO - Epoch 1/100, Train Loss: 0.3368, Val Loss: 0.2348, LR: 0.001621
2025-02-27 00:51:18,546 - INFO - Epoch 11/100, Train Loss: 0.1631, Val Loss: 0.1105, LR: 0.001621
2025-02-27 00:51:19,312 - INFO - Epoch 21/100, Train Loss: 0.0367, Val Loss: 0.0946, LR: 0.000405
2025-02-27 00:51:19,482 - INFO - Early stopping triggered at epoch 23
[I 2025-02-27 00:51:19,507] Trial 24 finished with value: 0.06400321051478386 and parameters: {'num_conv_layers': 1, 'filters_0': 64, 'kernel_size_0': 3, 'pool_size_0': 2, 'conv_dropout_0': 0.2754013673358232, 'num_fc_layers': 3, 'fc_size_0': 320, 'fc_dropout_0': 0.43999975289066534, 'fc_size_1': 128, 'fc_dropout_1': 0.304820244444948, 'fc_size_2': 256, 'fc_dropout_2': 0.29126343731627236, 'batch_size': 16, 'learning_rate': 0.0016213742086857968, 'weight_decay': 1.711536588783123e-06, 'patience': 16, 'use_batch_norm': True}. Best is trial 21 with value: 0.023324469628278166.
2025-02-27 00:51:19,807 - INFO - Data shapes: X_train=torch.Size([402, 23, 60]), y_train=torch.Size([402, 1])
2025-02-27 00:51:19,809 - INFO - FC input size after convolutions: 480
2025-02-27 00:51:19,885 - INFO - Epoch 1/100, Train Loss: 0.2609, Val Loss: 0.1425, LR: 0.003906
2025-02-27 00:51:20,506 - INFO - Epoch 11/100, Train Loss: 0.0723, Val Loss: 0.0460, LR: 0.001953
2025-02-27 00:51:21,161 - INFO - Epoch 21/100, Train Loss: 0.1042, Val Loss: 0.1500, LR: 0.000977
2025-02-27 00:51:21,820 - INFO - Epoch 31/100, Train Loss: 0.1120, Val Loss: 0.0933, LR: 0.000244
2025-02-27 00:51:21,890 - INFO - Early stopping triggered at epoch 32
[I 2025-02-27 00:51:21,919] Trial 25 finished with value: 0.02987258799839765 and parameters: {'num_conv_layers': 1, 'filters_0': 16, 'kernel_size_0': 5, 'pool_size_0': 2, 'conv_dropout_0': 0.20413672608158717, 'num_fc_layers': 2, 'fc_size_0': 256, 'fc_dropout_0': 0.31157849117382347, 'fc_size_1': 192, 'fc_dropout_1': 0.24138561433078673, 'batch_size': 16, 'learning_rate': 0.003906449101760132, 'weight_decay': 1.4643301354967422e-05, 'patience': 19, 'use_batch_norm': True}. Best is trial 21 with value: 0.023324469628278166.
2025-02-27 00:51:22,281 - INFO - Data shapes: X_train=torch.Size([402, 23, 60]), y_train=torch.Size([402, 1])
2025-02-27 00:51:22,284 - INFO - FC input size after convolutions: 1200
2025-02-27 00:51:22,319 - INFO - Epoch 1/100, Train Loss: 0.5031, Val Loss: 0.2420, LR: 0.003815
2025-02-27 00:51:22,576 - INFO - Epoch 11/100, Train Loss: 0.2668, Val Loss: 1.7770, LR: 0.001907
2025-02-27 00:51:22,787 - INFO - Epoch 21/100, Train Loss: 0.2303, Val Loss: 1.7248, LR: 0.000954
2025-02-27 00:51:22,835 - INFO - Early stopping triggered at epoch 23
[I 2025-02-27 00:51:22,862] Trial 26 finished with value: 0.18349450826644897 and parameters: {'num_conv_layers': 2, 'filters_0': 16, 'kernel_size_0': 5, 'pool_size_0': 2, 'conv_dropout_0': 0.1804795121650602, 'filters_1': 80, 'kernel_size_1': 7, 'conv_dropout_1': 0.3172897556578833, 'num_fc_layers': 2, 'fc_size_0': 256, 'fc_dropout_0': 0.3095321604065163, 'fc_size_1': 256, 'fc_dropout_1': 0.25891756202342936, 'batch_size': 64, 'learning_rate': 0.0038145270356751246, 'weight_decay': 1.545433124160877e-05, 'patience': 19, 'use_batch_norm': False}. Best is trial 21 with value: 0.023324469628278166.     
2025-02-27 00:51:23,169 - INFO - Data shapes: X_train=torch.Size([402, 23, 60]), y_train=torch.Size([402, 1])
2025-02-27 00:51:23,172 - INFO - FC input size after convolutions: 480
2025-02-27 00:51:23,256 - INFO - Epoch 1/100, Train Loss: 0.3715, Val Loss: 0.1877, LR: 0.003954
2025-02-27 00:51:23,939 - INFO - Epoch 11/100, Train Loss: 0.1899, Val Loss: 0.1139, LR: 0.003954
2025-02-27 00:51:24,627 - INFO - Epoch 21/100, Train Loss: 0.1494, Val Loss: 0.1450, LR: 0.003954
2025-02-27 00:51:25,283 - INFO - Epoch 31/100, Train Loss: 0.0555, Val Loss: 0.0909, LR: 0.000989
2025-02-27 00:51:25,545 - INFO - Early stopping triggered at epoch 35
[I 2025-02-27 00:51:25,571] Trial 27 finished with value: 0.01976027199998498 and parameters: {'num_conv_layers': 1, 'filters_0': 16, 'kernel_size_0': 3, 'pool_size_0': 2, 'conv_dropout_0': 0.21029145048004166, 'num_fc_layers': 2, 'fc_size_0': 192, 'fc_dropout_0': 0.1829248250226745, 'fc_size_1': 128, 'fc_dropout_1': 0.14399403868953103, 'batch_size': 16, 'learning_rate': 0.00395413719088903, 'weight_decay': 3.935179884303537e-05, 'patience': 19, 'use_batch_norm': True}. Best is trial 27 with value: 0.01976027199998498.
2025-02-27 00:51:25,877 - INFO - Data shapes: X_train=torch.Size([402, 23, 60]), y_train=torch.Size([402, 1])
2025-02-27 00:51:25,879 - INFO - FC input size after convolutions: 480
2025-02-27 00:51:25,949 - INFO - Epoch 1/100, Train Loss: 0.3181, Val Loss: 0.1276, LR: 0.008905
2025-02-27 00:51:26,589 - INFO - Epoch 11/100, Train Loss: 0.0829, Val Loss: 0.1393, LR: 0.004452
2025-02-27 00:51:27,242 - INFO - Epoch 21/100, Train Loss: 0.2306, Val Loss: 0.1469, LR: 0.002226
2025-02-27 00:51:27,753 - INFO - Early stopping triggered at epoch 29
[I 2025-02-27 00:51:27,778] Trial 28 finished with value: 0.06673622294329107 and parameters: {'num_conv_layers': 1, 'filters_0': 16, 'kernel_size_0': 3, 'pool_size_0': 2, 'conv_dropout_0': 0.1367480441658117, 'num_fc_layers': 2, 'fc_size_0': 192, 'fc_dropout_0': 0.10916241511500215, 'fc_size_1': 128, 'fc_dropout_1': 0.14837916214035657, 'batch_size': 16, 'learning_rate': 0.008904516360725643, 'weight_decay': 5.230504563353636e-05, 'patience': 19, 'use_batch_norm': True}. Best is trial 27 with value: 0.01976027199998498.
2025-02-27 00:51:28,083 - INFO - Data shapes: X_train=torch.Size([402, 23, 60]), y_train=torch.Size([402, 1])
2025-02-27 00:51:28,084 - INFO - FC input size after convolutions: 960
2025-02-27 00:51:28,141 - INFO - Epoch 1/100, Train Loss: 0.3853, Val Loss: 0.1458, LR: 0.005204
2025-02-27 00:51:28,635 - INFO - Epoch 11/100, Train Loss: 0.1870, Val Loss: 1.5636, LR: 0.002602
2025-02-27 00:51:29,131 - INFO - Early stopping triggered at epoch 21
[I 2025-02-27 00:51:29,162] Trial 29 finished with value: 0.14583816286176443 and parameters: {'num_conv_layers': 1, 'filters_0': 32, 'kernel_size_0': 3, 'pool_size_0': 2, 'conv_dropout_0': 0.2031921412843804, 'num_fc_layers': 2, 'fc_size_0': 64, 'fc_dropout_0': 0.17723961521854176, 'fc_size_1': 64, 'fc_dropout_1': 0.22588549462033275, 'batch_size': 16, 'learning_rate': 0.0052040002106998745, 'weight_decay': 4.254870911242558e-05, 'patience': 20, 'use_batch_norm': False}. Best is trial 27 with value: 0.01976027199998498.
2025-02-27 00:51:29,163 - INFO - NAS completed in 1.05 minutes
2025-02-27 00:51:29,163 - INFO - Best trial:
2025-02-27 00:51:29,166 - INFO -   Value (validation loss): 0.01976
2025-02-27 00:51:29,167 - INFO -   Params:
2025-02-27 00:51:29,167 - INFO -     num_conv_layers: 1
2025-02-27 00:51:29,167 - INFO -     filters_0: 16
2025-02-27 00:51:29,167 - INFO -     kernel_size_0: 3
2025-02-27 00:51:29,167 - INFO -     pool_size_0: 2
2025-02-27 00:51:29,168 - INFO -     conv_dropout_0: 0.21029145048004166
2025-02-27 00:51:29,168 - INFO -     num_fc_layers: 2
2025-02-27 00:51:29,168 - INFO -     fc_size_0: 192
2025-02-27 00:51:29,168 - INFO -     fc_dropout_0: 0.1829248250226745
2025-02-27 00:51:29,168 - INFO -     fc_size_1: 128
2025-02-27 00:51:29,168 - INFO -     fc_dropout_1: 0.14399403868953103
2025-02-27 00:51:29,169 - INFO -     batch_size: 16
2025-02-27 00:51:29,169 - INFO -     learning_rate: 0.00395413719088903
2025-02-27 00:51:29,169 - INFO -     weight_decay: 3.935179884303537e-05
2025-02-27 00:51:29,169 - INFO -     patience: 19
2025-02-27 00:51:29,169 - INFO -     use_batch_norm: True
C:\Users\Hashil Jugjivan\OneDrive - Nanyang Technological University\Desktop\FYP -Detecting Ransomware Using HPCs\CNN_NAS\cnn_nas.py:396: ExperimentalWarning: plot_optimization_history is experimental (supported from v2.2.0). The interface can change in the future.
  optuna.visualization.matplotlib.plot_optimization_history(study)
C:\Users\Hashil Jugjivan\OneDrive - Nanyang Technological University\Desktop\FYP -Detecting Ransomware Using HPCs\CNN_NAS\cnn_nas.py:401: ExperimentalWarning: plot_param_importances is experimental (supported from v2.2.0). The interface can change in the future.
  optuna.visualization.matplotlib.plot_param_importances(study)
2025-02-27 00:51:30,171 - INFO - Best architecture parameters:
2025-02-27 00:51:30,171 - INFO - Conv layers: 1
2025-02-27 00:51:30,172 - INFO - Filters: [16]
2025-02-27 00:51:30,172 - INFO - Kernel sizes: [3]
2025-02-27 00:51:30,172 - INFO - Pool sizes: [2]
2025-02-27 00:51:30,177 - INFO - Data shapes: X_train=torch.Size([402, 23, 60]), y_train=torch.Size([402, 1])
2025-02-27 00:51:30,179 - INFO - FC input size after convolutions: 480
2025-02-27 00:51:30,185 - INFO - Model parameter count: 118977
2025-02-27 00:51:30,294 - INFO - Epoch 1/150, Train Loss: 0.3252, Val Loss: 0.4587, LR: 0.003954
2025-02-27 00:51:31,135 - INFO - Epoch 11/150, Train Loss: 0.1619, Val Loss: 0.1255, LR: 0.003954
2025-02-27 00:51:31,799 - INFO - Epoch 21/150, Train Loss: 0.1641, Val Loss: 0.0970, LR: 0.000989
2025-02-27 00:51:32,118 - INFO - Early stopping triggered at epoch 26
2025-02-27 00:51:32,256 - INFO - Test Accuracy: 0.9914
2025-02-27 00:51:32,256 - INFO - Test Loss: 0.0455
2025-02-27 00:51:32,260 - INFO - Classification Report:
              precision    recall  f1-score   support

         0.0       1.00      0.98      0.99        59
         1.0       0.98      1.00      0.99        57

    accuracy                           0.99       116
   macro avg       0.99      0.99      0.99       116
weighted avg       0.99      0.99      0.99       116
